[debug] [2025-11-01T08:33:30.678Z] ----------------------------------------------------------------------
[debug] [2025-11-01T08:33:30.681Z] Command:       C:\Program Files\nodejs\node.exe C:\Users\Admin\AppData\Roaming\npm\node_modules\firebase-tools\lib\bin\firebase.js init
[debug] [2025-11-01T08:33:30.682Z] CLI Version:   14.23.0
[debug] [2025-11-01T08:33:30.682Z] Platform:      win32
[debug] [2025-11-01T08:33:30.682Z] Node Version:  v22.21.0
[debug] [2025-11-01T08:33:30.682Z] Time:          Sat Nov 01 2025 14:03:30 GMT+0530 (India Standard Time)
[debug] [2025-11-01T08:33:30.682Z] ----------------------------------------------------------------------
[debug] 
[info] 
     ######## #### ########  ######## ########     ###     ######  ########
     ##        ##  ##     ## ##       ##     ##  ##   ##  ##       ##
     ######    ##  ########  ######   ########  #########  ######  ######
     ##        ##  ##    ##  ##       ##     ## ##     ##       ## ##
     ##       #### ##     ## ######## ########  ##     ##  ######  ########

You're about to initialize a Firebase project in this directory:

  C:\Users\Admin\Desktop\ShareBite_MiniProject

[info] 
=== Project Setup
[info] 
[info] First, let's associate this project directory with a Firebase project.
[info] You can create multiple project aliases by running firebase use --add, 
[info] 
[debug] [2025-11-01T08:33:40.916Z] > command requires scopes: ["email","openid","https://www.googleapis.com/auth/cloudplatformprojects.readonly","https://www.googleapis.com/auth/firebase","https://www.googleapis.com/auth/cloud-platform"]
[debug] [2025-11-01T08:33:40.916Z] > authorizing via signed-in user (sreevidyav14@gmail.com)
[debug] [2025-11-01T08:33:40.919Z] Checked if tokens are valid: true, expires at: 1761989162874
[debug] [2025-11-01T08:33:40.919Z] Checked if tokens are valid: true, expires at: 1761989162874
[debug] [2025-11-01T08:33:40.921Z] >>> [apiv2][query] GET https://firebase.googleapis.com/v1beta1/projects/sharebite-f3589 [none]
[debug] [2025-11-01T08:33:41.585Z] <<< [apiv2][status] GET https://firebase.googleapis.com/v1beta1/projects/sharebite-f3589 200
[debug] [2025-11-01T08:33:41.585Z] <<< [apiv2][body] GET https://firebase.googleapis.com/v1beta1/projects/sharebite-f3589 {"projectId":"sharebite-f3589","projectNumber":"17176092072","displayName":"ShareBITE","name":"projects/sharebite-f3589","resources":{"hostingSite":"sharebite-f3589","realtimeDatabaseInstance":"sharebite-f3589-default-rtdb"},"state":"ACTIVE","etag":"1_0a07fc88-d5ec-4634-96c2-3508a7636531"}
[info] i  Using project sharebite-f3589 (ShareBITE) . 
[info] 
=== Hosting Setup
[debug] [2025-11-01T08:33:41.606Z] Checked if tokens are valid: true, expires at: 1761989162874
[debug] [2025-11-01T08:33:41.606Z] Checked if tokens are valid: true, expires at: 1761989162874
[debug] [2025-11-01T08:33:41.606Z] >>> [apiv2][query] GET https://firebase.googleapis.com/v1beta1/projects/sharebite-f3589 [none]
[debug] [2025-11-01T08:33:42.027Z] <<< [apiv2][status] GET https://firebase.googleapis.com/v1beta1/projects/sharebite-f3589 200
[debug] [2025-11-01T08:33:42.027Z] <<< [apiv2][body] GET https://firebase.googleapis.com/v1beta1/projects/sharebite-f3589 {"projectId":"sharebite-f3589","projectNumber":"17176092072","displayName":"ShareBITE","name":"projects/sharebite-f3589","resources":{"hostingSite":"sharebite-f3589","realtimeDatabaseInstance":"sharebite-f3589-default-rtdb"},"state":"ACTIVE","etag":"1_0a07fc88-d5ec-4634-96c2-3508a7636531"}
[info] 
[info] Your public directory is the folder (relative to your project directory) that
[info] will contain Hosting assets to be uploaded with firebase deploy. If you
[info] have a build process for your assets, use your build's output directory.
[info] 
[info] 
[info] i  Didn't detect a .git folder. Assuming C:\Users\Admin\Desktop\ShareBite_MiniProject is the project root. 
[info] i  Authorizing with GitHub to upload your service account to a GitHub repository's secrets store. 
[info] 
[info] Visit this URL on this device to log in:
[info] https://github.com/login/oauth/authorize?client_id=89cf50f02ac6aaed3484&state=962765558&redirect_uri=http%3A%2F%2Flocalhost%3A9005&scope=read%3Auser%20repo%20public_repo
[info] 
[info] Waiting for authentication...
